<?xml version="1.0" encoding="UTF-8"?>
<!-- Generated by org.testng.reporters.JUnitXMLReporter -->
<testsuite ignored="2" hostname="DESKTOP-MT0GH5E" failures="0" tests="0" time="0.0" errors="0" timestamp="2023-04-23T23:52:53 IST">
  <testcase classname="mallikarjun.test.Ecommerce_tc1" name="fillForm" time="0.0">
    <ignored/>
  </testcase> <!-- fillForm -->
  <testcase classname="mallikarjun.test.Ecommerce_tc1" name="toastError" time="0.0">
    <ignored/>
  </testcase> <!-- toastError -->
</testsuite>
