<?xml version="1.0" encoding="UTF-8"?>
<testng-results ignored="2" total="4" passed="2" failed="0" skipped="0">
  <reporter-output>
  </reporter-output>
  <suite started-at="2023-04-23T23:52:07 IST" name="Suite" finished-at="2023-04-23T23:52:53 IST" duration-ms="45793">
    <groups>
      <group name="smoke">
        <method signature="Ecommerce_tc4_Hybrid.fillForm(java.util.HashMap)[pri:0, instance:mallikarjun.test.Ecommerce_tc4_Hybrid@5a1de7fb]" name="fillForm" class="mallikarjun.test.Ecommerce_tc4_Hybrid"/>
      </group> <!-- smoke -->
    </groups>
    <test started-at="2023-04-23T23:52:07 IST" name="End to End Test" finished-at="2023-04-23T23:52:52 IST" duration-ms="45444">
      <class name="mallikarjun.test.Ecommerce_tc4_Hybrid">
        <test-method is-config="true" signature="configureAppium()[pri:0, instance:mallikarjun.test.Ecommerce_tc4_Hybrid@5a1de7fb]" started-at="2023-04-23T23:52:07 IST" name="configureAppium" finished-at="2023-04-23T23:52:13 IST" duration-ms="6499" status="PASS">
          <reporter-output>
          </reporter-output>
        </test-method> <!-- configureAppium -->
        <test-method is-config="true" signature="preSetUp()[pri:0, instance:mallikarjun.test.Ecommerce_tc4_Hybrid@5a1de7fb]" started-at="2023-04-23T23:52:14 IST" name="preSetUp" finished-at="2023-04-23T23:52:14 IST" duration-ms="761" status="PASS">
          <reporter-output>
          </reporter-output>
        </test-method> <!-- preSetUp -->
        <test-method signature="fillForm(java.util.HashMap)[pri:0, instance:mallikarjun.test.Ecommerce_tc4_Hybrid@5a1de7fb]" started-at="2023-04-23T23:52:14 IST" name="fillForm" data-provider="getData" finished-at="2023-04-23T23:52:33 IST" duration-ms="18498" status="PASS">
          <params>
            <param index="0">
              <value>
                <![CDATA[{name=Mallikarjun, country=Argentina, gender=Female}]]>
              </value>
            </param>
          </params>
          <reporter-output>
          </reporter-output>
        </test-method> <!-- fillForm -->
        <test-method is-config="true" signature="preSetUp()[pri:0, instance:mallikarjun.test.Ecommerce_tc4_Hybrid@5a1de7fb]" started-at="2023-04-23T23:52:33 IST" name="preSetUp" finished-at="2023-04-23T23:52:34 IST" duration-ms="670" status="PASS">
          <reporter-output>
          </reporter-output>
        </test-method> <!-- preSetUp -->
        <test-method signature="fillForm(java.util.HashMap)[pri:0, instance:mallikarjun.test.Ecommerce_tc4_Hybrid@5a1de7fb]" started-at="2023-04-23T23:52:34 IST" name="fillForm" data-provider="getData" finished-at="2023-04-23T23:52:52 IST" duration-ms="18292" status="PASS">
          <params>
            <param index="0">
              <value>
                <![CDATA[{name=Konnur, country=Argentina, gender=Male}]]>
              </value>
            </param>
          </params>
          <reporter-output>
          </reporter-output>
        </test-method> <!-- fillForm -->
        <test-method is-config="true" signature="tearDown()[pri:0, instance:mallikarjun.test.Ecommerce_tc4_Hybrid@5a1de7fb]" started-at="2023-04-23T23:52:52 IST" name="tearDown" finished-at="2023-04-23T23:52:52 IST" duration-ms="456" status="PASS">
          <reporter-output>
          </reporter-output>
        </test-method> <!-- tearDown -->
      </class> <!-- mallikarjun.test.Ecommerce_tc4_Hybrid -->
    </test> <!-- End to End Test -->
    <test started-at="2023-04-23T23:52:53 IST" name="ErrorValidation" finished-at="2023-04-23T23:52:53 IST" duration-ms="0">
    </test> <!-- ErrorValidation -->
  </suite> <!-- Suite -->
</testng-results>
