<?xml version="1.0" encoding="UTF-8"?>
<testsuite xmlns:xsi="http://www.w3.org/2001/XMLSchema-instance" xsi:noNamespaceSchemaLocation="https://maven.apache.org/surefire/maven-surefire-plugin/xsd/surefire-test-report-3.0.xsd" version="3.0" name="TestSuite" time="46.591" tests="2" errors="0" skipped="0" failures="0">
  <properties>
[...]
</properties>
  <testcase name="fillForm[{name=Mallikarjun, country=Argentina, gender=Female}](1)" classname="mallikarjun.test.Ecommerce_tc4_Hybrid" time="18.504">
    <system-out><![CDATA[I'm prop
]]></system-out>
    <system-err><![CDATA[SLF4J: No SLF4J providers were found.
SLF4J: Defaulting to no-operation (NOP) logger implementation
SLF4J: See https://www.slf4j.org/codes.html#noProviders for further details.
]]></system-err>
  </testcase>
  <testcase name="fillForm[{name=Konnur, country=Argentina, gender=Male}](2)" classname="mallikarjun.test.Ecommerce_tc4_Hybrid" time="18.293"/>
</testsuite>