<?xml version="1.0" encoding="UTF-8"?>
<testng-results ignored="2" total="4" passed="2" failed="0" skipped="0">
  <reporter-output>
  </reporter-output>
  <suite started-at="2023-04-23T18:50:13 IST" name="Suite" finished-at="2023-04-23T18:50:58 IST" duration-ms="45448">
    <groups>
      <group name="smoke">
        <method signature="Ecommerce_tc4_Hybrid.fillForm(java.util.HashMap)[pri:0, instance:mallikarjun.test.Ecommerce_tc4_Hybrid@db57326]" name="fillForm" class="mallikarjun.test.Ecommerce_tc4_Hybrid"/>
      </group> <!-- smoke -->
    </groups>
    <test started-at="2023-04-23T18:50:13 IST" name="End to End Test" finished-at="2023-04-23T18:50:58 IST" duration-ms="45090">
      <class name="mallikarjun.test.Ecommerce_tc4_Hybrid">
        <test-method is-config="true" signature="configureAppium()[pri:0, instance:mallikarjun.test.Ecommerce_tc4_Hybrid@db57326]" started-at="2023-04-23T18:50:13 IST" name="configureAppium" finished-at="2023-04-23T18:50:20 IST" duration-ms="6612" status="PASS">
          <reporter-output>
          </reporter-output>
        </test-method> <!-- configureAppium -->
        <test-method is-config="true" signature="preSetUp()[pri:0, instance:mallikarjun.test.Ecommerce_tc4_Hybrid@db57326]" started-at="2023-04-23T18:50:20 IST" name="preSetUp" finished-at="2023-04-23T18:50:21 IST" duration-ms="793" status="PASS">
          <reporter-output>
          </reporter-output>
        </test-method> <!-- preSetUp -->
        <test-method signature="fillForm(java.util.HashMap)[pri:0, instance:mallikarjun.test.Ecommerce_tc4_Hybrid@db57326]" started-at="2023-04-23T18:50:21 IST" name="fillForm" data-provider="getData" finished-at="2023-04-23T18:50:39 IST" duration-ms="18387" status="PASS">
          <params>
            <param index="0">
              <value>
                <![CDATA[{name=Mallikarjun, country=Argentina, gender=Female}]]>
              </value>
            </param>
          </params>
          <reporter-output>
          </reporter-output>
        </test-method> <!-- fillForm -->
        <test-method is-config="true" signature="preSetUp()[pri:0, instance:mallikarjun.test.Ecommerce_tc4_Hybrid@db57326]" started-at="2023-04-23T18:50:39 IST" name="preSetUp" finished-at="2023-04-23T18:50:40 IST" duration-ms="684" status="PASS">
          <reporter-output>
          </reporter-output>
        </test-method> <!-- preSetUp -->
        <test-method signature="fillForm(java.util.HashMap)[pri:0, instance:mallikarjun.test.Ecommerce_tc4_Hybrid@db57326]" started-at="2023-04-23T18:50:40 IST" name="fillForm" data-provider="getData" finished-at="2023-04-23T18:50:58 IST" duration-ms="17908" status="PASS">
          <params>
            <param index="0">
              <value>
                <![CDATA[{name=Konnur, country=Argentina, gender=Male}]]>
              </value>
            </param>
          </params>
          <reporter-output>
          </reporter-output>
        </test-method> <!-- fillForm -->
        <test-method is-config="true" signature="tearDown()[pri:0, instance:mallikarjun.test.Ecommerce_tc4_Hybrid@db57326]" started-at="2023-04-23T18:50:58 IST" name="tearDown" finished-at="2023-04-23T18:50:58 IST" duration-ms="437" status="PASS">
          <reporter-output>
          </reporter-output>
        </test-method> <!-- tearDown -->
      </class> <!-- mallikarjun.test.Ecommerce_tc4_Hybrid -->
    </test> <!-- End to End Test -->
    <test started-at="2023-04-23T18:50:58 IST" name="ErrorValidation" finished-at="2023-04-23T18:50:58 IST" duration-ms="1">
    </test> <!-- ErrorValidation -->
  </suite> <!-- Suite -->
</testng-results>
